Mobile/android/app/build/intermediates/manifest_merge_blame_file/debug/manifest-merger-blame-debug-report.txt
1<?xml version="1.0" encoding="utf-8"?>
2<manifest xmlns:android="http://schemas.android.com/apk/res/android"
3    package="com.pripridelivery"
4    android:versionCode="1"
5    android:versionName="1.0" >
6
7    <uses-sdk
8        android:minSdkVersion="26"
9        android:targetSdkVersion="34" />
10
11    <uses-permission android:name="android.permission.INTERNET" />
11-->src\main\AndroidManifest.xml:5:5-67
11-->src\main\AndroidManifest.xml:5:22-64
12    <uses-permission android:name="android.permission.ACCESS_FINE_LOCATION" />
12-->src\main\AndroidManifest.xml:6:5-79
12-->src\main\AndroidManifest.xml:6:22-76
13    <uses-permission android:name="android.permission.ACCESS_COARSE_LOCATION" />
13-->src\main\AndroidManifest.xml:7:5-81
13-->src\main\AndroidManifest.xml:7:22-78
14    <uses-permission android:name="android.permission.ACCESS_WIFI_STATE" /> <!-- Include required permissions for Google Maps API to run. -->
14-->[com.google.android.libraries.places:places:3.3.0] AndroidManifest.xml:11:5-76
14-->[com.google.android.libraries.places:places:3.3.0] AndroidManifest.xml:11:22-73
15    <uses-permission android:name="android.permission.ACCESS_NETWORK_STATE" />
15-->[com.google.android.gms:play-services-maps:18.2.0] AndroidManifest.xml:23:5-79
15-->[com.google.android.gms:play-services-maps:18.2.0] AndroidManifest.xml:23:22-76
16
17    <uses-feature
17-->[com.google.android.gms:play-services-maps:18.2.0] AndroidManifest.xml:26:5-28:35
18        android:glEsVersion="0x00020000"
18-->[com.google.android.gms:play-services-maps:18.2.0] AndroidManifest.xml:27:9-41
19        android:required="true" />
19-->[com.google.android.gms:play-services-maps:18.2.0] AndroidManifest.xml:28:9-32
20
21    <queries>
21-->[com.google.android.gms:play-services-maps:18.2.0] AndroidManifest.xml:30:5-34:15
22
23        <!-- Needs to be explicitly declared on Android R+ -->
24        <package android:name="com.google.android.apps.maps" />
24-->[com.google.android.gms:play-services-maps:18.2.0] AndroidManifest.xml:33:9-64
24-->[com.google.android.gms:play-services-maps:18.2.0] AndroidManifest.xml:33:18-61
25    </queries>
26
27    <uses-permission android:name="com.google.android.providers.gsf.permission.READ_GSERVICES" />
27-->[com.google.android.recaptcha:recaptcha:18.4.0] AndroidManifest.xml:9:5-98
27-->[com.google.android.recaptcha:recaptcha:18.4.0] AndroidManifest.xml:9:22-95
28
29    <permission
29-->[androidx.core:core:1.12.0] AndroidManifest.xml:22:5-24:47
30        android:name="com.pripridelivery.DYNAMIC_RECEIVER_NOT_EXPORTED_PERMISSION"
30-->[androidx.core:core:1.12.0] AndroidManifest.xml:23:9-81
31        android:protectionLevel="signature" />
31-->[androidx.core:core:1.12.0] AndroidManifest.xml:24:9-44
32
33    <uses-permission android:name="com.pripridelivery.DYNAMIC_RECEIVER_NOT_EXPORTED_PERMISSION" />
33-->[androidx.core:core:1.12.0] AndroidManifest.xml:26:5-97
33-->[androidx.core:core:1.12.0] AndroidManifest.xml:26:22-94
34
35    <application
35-->src\main\AndroidManifest.xml:9:5-31:19
36        android:name="com.pripridelivery.PriPriApp"
36-->src\main\AndroidManifest.xml:10:9-34
37        android:allowBackup="true"
37-->src\main\AndroidManifest.xml:11:9-35
38        android:appComponentFactory="androidx.core.app.CoreComponentFactory"
38-->[androidx.core:core:1.12.0] AndroidManifest.xml:28:18-86
39        android:debuggable="true"
40        android:extractNativeLibs="false"
41        android:label="PriPriDelivery"
41-->src\main\AndroidManifest.xml:12:9-39
42        android:supportsRtl="true"
42-->src\main\AndroidManifest.xml:13:9-35
43        android:testOnly="true"
44        android:theme="@style/Theme.PriPriDelivery" >
44-->src\main\AndroidManifest.xml:14:9-52
45
46        <!-- Google Maps API Key -->
47        <meta-data
48            android:name="com.google.android.geo.API_KEY"
48-->src\main\AndroidManifest.xml:19:13-58
49            android:value="" />
49-->src\main\AndroidManifest.xml:20:13-44
50
51        <activity
51-->src\main\AndroidManifest.xml:22:9-30:20
52            android:name="com.pripridelivery.MainActivity"
52-->src\main\AndroidManifest.xml:23:13-41
53            android:exported="true"
53-->src\main\AndroidManifest.xml:24:13-36
54            android:theme="@style/Theme.PriPriDelivery" >
54-->src\main\AndroidManifest.xml:25:13-56
55            <intent-filter>
55-->src\main\AndroidManifest.xml:26:13-29:29
56                <action android:name="android.intent.action.MAIN" />
56-->src\main\AndroidManifest.xml:27:17-69
56-->src\main\AndroidManifest.xml:27:25-66
57
58                <category android:name="android.intent.category.LAUNCHER" />
58-->src\main\AndroidManifest.xml:28:17-77
58-->src\main\AndroidManifest.xml:28:27-74
59            </intent-filter>
60        </activity>
61        <activity
61-->[com.google.android.libraries.places:places:3.3.0] AndroidManifest.xml:15:9-21:20
62            android:name="com.google.android.libraries.places.widget.AutocompleteActivity"
62-->[com.google.android.libraries.places:places:3.3.0] AndroidManifest.xml:16:13-91
63            android:exported="false"
63-->[com.google.android.libraries.places:places:3.3.0] AndroidManifest.xml:17:13-37
64            android:label="@string/places_autocomplete_label"
64-->[com.google.android.libraries.places:places:3.3.0] AndroidManifest.xml:18:13-62
65            android:theme="@style/PlacesAutocompleteOverlay"
65-->[com.google.android.libraries.places:places:3.3.0] AndroidManifest.xml:19:13-61
66            android:windowSoftInputMode="adjustResize" >
66-->[com.google.android.libraries.places:places:3.3.0] AndroidManifest.xml:20:13-55
67        </activity>
68        <activity
68-->[androidx.compose.ui:ui-tooling-android:1.6.1] AndroidManifest.xml:23:9-25:39
69            android:name="androidx.compose.ui.tooling.PreviewActivity"
69-->[androidx.compose.ui:ui-tooling-android:1.6.1] AndroidManifest.xml:24:13-71
70            android:exported="true" />
70-->[androidx.compose.ui:ui-tooling-android:1.6.1] AndroidManifest.xml:25:13-36
71        <activity
71-->[androidx.compose.ui:ui-test-manifest:1.6.1] AndroidManifest.xml:23:9-25:39
72            android:name="androidx.activity.ComponentActivity"
72-->[androidx.compose.ui:ui-test-manifest:1.6.1] AndroidManifest.xml:24:13-63
73            android:exported="true" /> <!-- Needs to be explicitly declared on P+ -->
73-->[androidx.compose.ui:ui-test-manifest:1.6.1] AndroidManifest.xml:25:13-36
74        <uses-library
74-->[com.google.android.gms:play-services-maps:18.2.0] AndroidManifest.xml:39:9-41:40
75            android:name="org.apache.http.legacy"
75-->[com.google.android.gms:play-services-maps:18.2.0] AndroidManifest.xml:40:13-50
76            android:required="false" />
76-->[com.google.android.gms:play-services-maps:18.2.0] AndroidManifest.xml:41:13-37
77
78        <service
78-->[androidx.credentials:credentials-play-services-auth:1.3.0] AndroidManifest.xml:24:9-32:19
79            android:name="androidx.credentials.playservices.CredentialProviderMetadataHolder"
79-->[androidx.credentials:credentials-play-services-auth:1.3.0] AndroidManifest.xml:25:13-94
80            android:enabled="true"
80-->[androidx.credentials:credentials-play-services-auth:1.3.0] AndroidManifest.xml:26:13-35
81            android:exported="false" >
81-->[androidx.credentials:credentials-play-services-auth:1.3.0] AndroidManifest.xml:27:13-37
82            <meta-data
82-->[androidx.credentials:credentials-play-services-auth:1.3.0] AndroidManifest.xml:29:13-31:104
83                android:name="androidx.credentials.CREDENTIAL_PROVIDER_KEY"
83-->[androidx.credentials:credentials-play-services-auth:1.3.0] AndroidManifest.xml:30:17-76
84                android:value="androidx.credentials.playservices.CredentialProviderPlayServicesImpl" />
84-->[androidx.credentials:credentials-play-services-auth:1.3.0] AndroidManifest.xml:31:17-101
85        </service>
86
87        <activity
87-->[androidx.credentials:credentials-play-services-auth:1.3.0] AndroidManifest.xml:34:9-41:20
88            android:name="androidx.credentials.playservices.HiddenActivity"
88-->[androidx.credentials:credentials-play-services-auth:1.3.0] AndroidManifest.xml:35:13-76
89            android:configChanges="orientation|screenSize|screenLayout|keyboardHidden"
89-->[androidx.credentials:credentials-play-services-auth:1.3.0] AndroidManifest.xml:36:13-87
90            android:enabled="true"
90-->[androidx.credentials:credentials-play-services-auth:1.3.0] AndroidManifest.xml:37:13-35
91            android:exported="false"
91-->[androidx.credentials:credentials-play-services-auth:1.3.0] AndroidManifest.xml:38:13-37
92            android:fitsSystemWindows="true"
92-->[androidx.credentials:credentials-play-services-auth:1.3.0] AndroidManifest.xml:39:13-45
93            android:theme="@style/Theme.Hidden" >
93-->[androidx.credentials:credentials-play-services-auth:1.3.0] AndroidManifest.xml:40:13-48
94        </activity>
95        <activity
95-->[com.google.android.gms:play-services-auth:21.1.1] AndroidManifest.xml:23:9-27:75
96            android:name="com.google.android.gms.auth.api.signin.internal.SignInHubActivity"
96-->[com.google.android.gms:play-services-auth:21.1.1] AndroidManifest.xml:24:13-93
97            android:excludeFromRecents="true"
97-->[com.google.android.gms:play-services-auth:21.1.1] AndroidManifest.xml:25:13-46
98            android:exported="false"
98-->[com.google.android.gms:play-services-auth:21.1.1] AndroidManifest.xml:26:13-37
99            android:theme="@android:style/Theme.Translucent.NoTitleBar" />
99-->[com.google.android.gms:play-services-auth:21.1.1] AndroidManifest.xml:27:13-72
100        <!--
101            Service handling Google Sign-In user revocation. For apps that do not integrate with
102            Google Sign-In, this service will never be started.
103        -->
104        <service
104-->[com.google.android.gms:play-services-auth:21.1.1] AndroidManifest.xml:33:9-37:51
105            android:name="com.google.android.gms.auth.api.signin.RevocationBoundService"
105-->[com.google.android.gms:play-services-auth:21.1.1] AndroidManifest.xml:34:13-89
106            android:exported="true"
106-->[com.google.android.gms:play-services-auth:21.1.1] AndroidManifest.xml:35:13-36
107            android:permission="com.google.android.gms.auth.api.signin.permission.REVOCATION_NOTIFICATION"
107-->[com.google.android.gms:play-services-auth:21.1.1] AndroidManifest.xml:36:13-107
108            android:visibleToInstantApps="true" />
108-->[com.google.android.gms:play-services-auth:21.1.1] AndroidManifest.xml:37:13-48
109        <service
109-->[com.google.firebase:firebase-auth-ktx:22.3.1] AndroidManifest.xml:8:9-14:19
110            android:name="com.google.firebase.components.ComponentDiscoveryService"
110-->[com.google.firebase:firebase-auth-ktx:22.3.1] AndroidManifest.xml:9:13-84
111            android:directBootAware="true"
111-->[com.google.firebase:firebase-common:20.4.2] AndroidManifest.xml:32:13-43
112            android:exported="false" >
112-->[com.google.firebase:firebase-auth-ktx:22.3.1] AndroidManifest.xml:10:13-37
113            <meta-data
113-->[com.google.firebase:firebase-auth-ktx:22.3.1] AndroidManifest.xml:11:13-13:85
114                android:name="com.google.firebase.components:com.google.firebase.auth.ktx.FirebaseAuthLegacyRegistrar"
114-->[com.google.firebase:firebase-auth-ktx:22.3.1] AndroidManifest.xml:12:17-119
115                android:value="com.google.firebase.components.ComponentRegistrar" />
115-->[com.google.firebase:firebase-auth-ktx:22.3.1] AndroidManifest.xml:13:17-82
116            <meta-data
116-->[com.google.firebase:firebase-auth:22.3.1] AndroidManifest.xml:69:13-71:85
117                android:name="com.google.firebase.components:com.google.firebase.auth.FirebaseAuthRegistrar"
117-->[com.google.firebase:firebase-auth:22.3.1] AndroidManifest.xml:70:17-109
118                android:value="com.google.firebase.components.ComponentRegistrar" />
118-->[com.google.firebase:firebase-auth:22.3.1] AndroidManifest.xml:71:17-82
119            <meta-data
119-->[com.google.firebase:firebase-firestore-ktx:24.10.2] AndroidManifest.xml:12:13-14:85
120                android:name="com.google.firebase.components:com.google.firebase.firestore.ktx.FirebaseFirestoreLegacyRegistrar"
120-->[com.google.firebase:firebase-firestore-ktx:24.10.2] AndroidManifest.xml:13:17-129
121                android:value="com.google.firebase.components.ComponentRegistrar" />
121-->[com.google.firebase:firebase-firestore-ktx:24.10.2] AndroidManifest.xml:14:17-82
122            <meta-data
122-->[com.google.firebase:firebase-firestore:24.10.2] AndroidManifest.xml:17:13-19:85
123                android:name="com.google.firebase.components:com.google.firebase.firestore.FirebaseFirestoreKtxRegistrar"
123-->[com.google.firebase:firebase-firestore:24.10.2] AndroidManifest.xml:18:17-122
124                android:value="com.google.firebase.components.ComponentRegistrar" />
124-->[com.google.firebase:firebase-firestore:24.10.2] AndroidManifest.xml:19:17-82
125            <meta-data
125-->[com.google.firebase:firebase-firestore:24.10.2] AndroidManifest.xml:20:13-22:85
126                android:name="com.google.firebase.components:com.google.firebase.firestore.FirestoreRegistrar"
126-->[com.google.firebase:firebase-firestore:24.10.2] AndroidManifest.xml:21:17-111
127                android:value="com.google.firebase.components.ComponentRegistrar" />
127-->[com.google.firebase:firebase-firestore:24.10.2] AndroidManifest.xml:22:17-82
128            <meta-data
128-->[com.google.firebase:firebase-common-ktx:20.4.2] AndroidManifest.xml:12:13-14:85
129                android:name="com.google.firebase.components:com.google.firebase.ktx.FirebaseCommonLegacyRegistrar"
129-->[com.google.firebase:firebase-common-ktx:20.4.2] AndroidManifest.xml:13:17-116
130                android:value="com.google.firebase.components.ComponentRegistrar" />
130-->[com.google.firebase:firebase-common-ktx:20.4.2] AndroidManifest.xml:14:17-82
131            <meta-data
131-->[com.google.firebase:firebase-common:20.4.2] AndroidManifest.xml:35:13-37:85
132                android:name="com.google.firebase.components:com.google.firebase.FirebaseCommonKtxRegistrar"
132-->[com.google.firebase:firebase-common:20.4.2] AndroidManifest.xml:36:17-109
133                android:value="com.google.firebase.components.ComponentRegistrar" />
133-->[com.google.firebase:firebase-common:20.4.2] AndroidManifest.xml:37:17-82
134        </service>
135
136        <activity
136-->[com.google.firebase:firebase-auth:22.3.1] AndroidManifest.xml:29:9-46:20
137            android:name="com.google.firebase.auth.internal.GenericIdpActivity"
137-->[com.google.firebase:firebase-auth:22.3.1] AndroidManifest.xml:30:13-80
138            android:excludeFromRecents="true"
138-->[com.google.firebase:firebase-auth:22.3.1] AndroidManifest.xml:31:13-46
139            android:exported="true"
139-->[com.google.firebase:firebase-auth:22.3.1] AndroidManifest.xml:32:13-36
140            android:launchMode="singleTask"
140-->[com.google.firebase:firebase-auth:22.3.1] AndroidManifest.xml:33:13-44
141            android:theme="@android:style/Theme.Translucent.NoTitleBar" >
141-->[com.google.firebase:firebase-auth:22.3.1] AndroidManifest.xml:34:13-72
142            <intent-filter>
142-->[com.google.firebase:firebase-auth:22.3.1] AndroidManifest.xml:35:13-45:29
143                <action android:name="android.intent.action.VIEW" />
143-->[com.google.firebase:firebase-auth:22.3.1] AndroidManifest.xml:36:17-69
143-->[com.google.firebase:firebase-auth:22.3.1] AndroidManifest.xml:36:25-66
144
145                <category android:name="android.intent.category.DEFAULT" />
145-->[com.google.firebase:firebase-auth:22.3.1] AndroidManifest.xml:38:17-76
145-->[com.google.firebase:firebase-auth:22.3.1] AndroidManifest.xml:38:27-73
146                <category android:name="android.intent.category.BROWSABLE" />
146-->[com.google.firebase:firebase-auth:22.3.1] AndroidManifest.xml:39:17-78
146-->[com.google.firebase:firebase-auth:22.3.1] AndroidManifest.xml:39:27-75
147
148                <data
148-->[com.google.firebase:firebase-auth:22.3.1] AndroidManifest.xml:41:17-44:51
149                    android:host="firebase.auth"
149-->[com.google.firebase:firebase-auth:22.3.1] AndroidManifest.xml:42:21-49
150                    android:path="/"
150-->[com.google.firebase:firebase-auth:22.3.1] AndroidManifest.xml:43:21-37
151                    android:scheme="genericidp" />
151-->[com.google.firebase:firebase-auth:22.3.1] AndroidManifest.xml:44:21-48
152            </intent-filter>
153        </activity>
154        <activity
154-->[com.google.firebase:firebase-auth:22.3.1] AndroidManifest.xml:47:9-64:20
155            android:name="com.google.firebase.auth.internal.RecaptchaActivity"
155-->[com.google.firebase:firebase-auth:22.3.1] AndroidManifest.xml:48:13-79
156            android:excludeFromRecents="true"
156-->[com.google.firebase:firebase-auth:22.3.1] AndroidManifest.xml:49:13-46
157            android:exported="true"
157-->[com.google.firebase:firebase-auth:22.3.1] AndroidManifest.xml:50:13-36
158            android:launchMode="singleTask"
158-->[com.google.firebase:firebase-auth:22.3.1] AndroidManifest.xml:51:13-44
159            android:theme="@android:style/Theme.Translucent.NoTitleBar" >
159-->[com.google.firebase:firebase-auth:22.3.1] AndroidManifest.xml:52:13-72
160            <intent-filter>
160-->[com.google.firebase:firebase-auth:22.3.1] AndroidManifest.xml:53:13-63:29
161                <action android:name="android.intent.action.VIEW" />
161-->[com.google.firebase:firebase-auth:22.3.1] AndroidManifest.xml:36:17-69
161-->[com.google.firebase:firebase-auth:22.3.1] AndroidManifest.xml:36:25-66
162
163                <category android:name="android.intent.category.DEFAULT" />
163-->[com.google.firebase:firebase-auth:22.3.1] AndroidManifest.xml:38:17-76
163-->[com.google.firebase:firebase-auth:22.3.1] AndroidManifest.xml:38:27-73
164                <category android:name="android.intent.category.BROWSABLE" />
164-->[com.google.firebase:firebase-auth:22.3.1] AndroidManifest.xml:39:17-78
164-->[com.google.firebase:firebase-auth:22.3.1] AndroidManifest.xml:39:27-75
165
166                <data
166-->[com.google.firebase:firebase-auth:22.3.1] AndroidManifest.xml:41:17-44:51
167                    android:host="firebase.auth"
167-->[com.google.firebase:firebase-auth:22.3.1] AndroidManifest.xml:42:21-49
168                    android:path="/"
168-->[com.google.firebase:firebase-auth:22.3.1] AndroidManifest.xml:43:21-37
169                    android:scheme="recaptcha" />
169-->[com.google.firebase:firebase-auth:22.3.1] AndroidManifest.xml:44:21-48
170            </intent-filter>
171        </activity>
172        <activity
172-->[com.google.android.gms:play-services-base:18.3.0] AndroidManifest.xml:20:9-22:45
173            android:name="com.google.android.gms.common.api.GoogleApiActivity"
173-->[com.google.android.gms:play-services-base:18.3.0] AndroidManifest.xml:20:19-85
174            android:exported="false"
174-->[com.google.android.gms:play-services-base:18.3.0] AndroidManifest.xml:22:19-43
175            android:theme="@android:style/Theme.Translucent.NoTitleBar" />
175-->[com.google.android.gms:play-services-base:18.3.0] AndroidManifest.xml:21:19-78
176
177        <provider
177-->[com.google.firebase:firebase-common:20.4.2] AndroidManifest.xml:23:9-28:39
178            android:name="com.google.firebase.provider.FirebaseInitProvider"
178-->[com.google.firebase:firebase-common:20.4.2] AndroidManifest.xml:24:13-77
179            android:authorities="com.pripridelivery.firebaseinitprovider"
179-->[com.google.firebase:firebase-common:20.4.2] AndroidManifest.xml:25:13-72
180            android:directBootAware="true"
180-->[com.google.firebase:firebase-common:20.4.2] AndroidManifest.xml:26:13-43
181            android:exported="false"
181-->[com.google.firebase:firebase-common:20.4.2] AndroidManifest.xml:27:13-37
182            android:initOrder="100" />
182-->[com.google.firebase:firebase-common:20.4.2] AndroidManifest.xml:28:13-36
183        <provider
183-->[androidx.emoji2:emoji2:1.3.0] AndroidManifest.xml:24:9-32:20
184            android:name="androidx.startup.InitializationProvider"
184-->[androidx.emoji2:emoji2:1.3.0] AndroidManifest.xml:25:13-67
185            android:authorities="com.pripridelivery.androidx-startup"
185-->[androidx.emoji2:emoji2:1.3.0] AndroidManifest.xml:26:13-68
186            android:exported="false" >
186-->[androidx.emoji2:emoji2:1.3.0] AndroidManifest.xml:27:13-37
187            <meta-data
187-->[androidx.emoji2:emoji2:1.3.0] AndroidManifest.xml:29:13-31:52
188                android:name="androidx.emoji2.text.EmojiCompatInitializer"
188-->[androidx.emoji2:emoji2:1.3.0] AndroidManifest.xml:30:17-75
189                android:value="androidx.startup" />
189-->[androidx.emoji2:emoji2:1.3.0] AndroidManifest.xml:31:17-49
190            <meta-data
190-->[androidx.lifecycle:lifecycle-process:2.7.0] AndroidManifest.xml:29:13-31:52
191                android:name="androidx.lifecycle.ProcessLifecycleInitializer"
191-->[androidx.lifecycle:lifecycle-process:2.7.0] AndroidManifest.xml:30:17-78
192                android:value="androidx.startup" />
192-->[androidx.lifecycle:lifecycle-process:2.7.0] AndroidManifest.xml:31:17-49
193            <meta-data
193-->[androidx.profileinstaller:profileinstaller:1.3.1] AndroidManifest.xml:29:13-31:52
194                android:name="androidx.profileinstaller.ProfileInstallerInitializer"
194-->[androidx.profileinstaller:profileinstaller:1.3.1] AndroidManifest.xml:30:17-85
195                android:value="androidx.startup" />
195-->[androidx.profileinstaller:profileinstaller:1.3.1] AndroidManifest.xml:31:17-49
196        </provider>
197
198        <meta-data
198-->[com.google.android.gms:play-services-basement:18.3.0] AndroidManifest.xml:21:9-23:69
199            android:name="com.google.android.gms.version"
199-->[com.google.android.gms:play-services-basement:18.3.0] AndroidManifest.xml:22:13-58
200            android:value="@integer/google_play_services_version" />
200-->[com.google.android.gms:play-services-basement:18.3.0] AndroidManifest.xml:23:13-66
201
202        <service
202-->[com.google.android.datatransport:transport-backend-cct:2.3.0] AndroidManifest.xml:29:9-35:19
203            android:name="com.google.android.datatransport.runtime.backends.TransportBackendDiscovery"
203-->[com.google.android.datatransport:transport-backend-cct:2.3.0] AndroidManifest.xml:30:13-103
204            android:exported="false" >
204-->[com.google.android.datatransport:transport-backend-cct:2.3.0] AndroidManifest.xml:31:13-37
205            <meta-data
205-->[com.google.android.datatransport:transport-backend-cct:2.3.0] AndroidManifest.xml:32:13-34:39
206                android:name="backend:com.google.android.datatransport.cct.CctBackendFactory"
206-->[com.google.android.datatransport:transport-backend-cct:2.3.0] AndroidManifest.xml:33:17-94
207                android:value="cct" />
207-->[com.google.android.datatransport:transport-backend-cct:2.3.0] AndroidManifest.xml:34:17-36
208        </service>
209        <service
209-->[com.google.android.datatransport:transport-runtime:2.2.3] AndroidManifest.xml:26:9-30:19
210            android:name="com.google.android.datatransport.runtime.scheduling.jobscheduling.JobInfoSchedulerService"
210-->[com.google.android.datatransport:transport-runtime:2.2.3] AndroidManifest.xml:27:13-117
211            android:exported="false"
211-->[com.google.android.datatransport:transport-runtime:2.2.3] AndroidManifest.xml:28:13-37
212            android:permission="android.permission.BIND_JOB_SERVICE" >
212-->[com.google.android.datatransport:transport-runtime:2.2.3] AndroidManifest.xml:29:13-69
213        </service>
214
215        <receiver
215-->[com.google.android.datatransport:transport-runtime:2.2.3] AndroidManifest.xml:32:9-34:40
216            android:name="com.google.android.datatransport.runtime.scheduling.jobscheduling.AlarmManagerSchedulerBroadcastReceiver"
216-->[com.google.android.datatransport:transport-runtime:2.2.3] AndroidManifest.xml:33:13-132
217            android:exported="false" />
217-->[com.google.android.datatransport:transport-runtime:2.2.3] AndroidManifest.xml:34:13-37
218        <receiver
218-->[androidx.profileinstaller:profileinstaller:1.3.1] AndroidManifest.xml:34:9-52:20
219            android:name="androidx.profileinstaller.ProfileInstallReceiver"
219-->[androidx.profileinstaller:profileinstaller:1.3.1] AndroidManifest.xml:35:13-76
220            android:directBootAware="false"
220-->[androidx.profileinstaller:profileinstaller:1.3.1] AndroidManifest.xml:36:13-44
221            android:enabled="true"
221-->[androidx.profileinstaller:profileinstaller:1.3.1] AndroidManifest.xml:37:13-35
222            android:exported="true"
222-->[androidx.profileinstaller:profileinstaller:1.3.1] AndroidManifest.xml:38:13-36
223            android:permission="android.permission.DUMP" >
223-->[androidx.profileinstaller:profileinstaller:1.3.1] AndroidManifest.xml:39:13-57
224            <intent-filter>
224-->[androidx.profileinstaller:profileinstaller:1.3.1] AndroidManifest.xml:40:13-42:29
225                <action android:name="androidx.profileinstaller.action.INSTALL_PROFILE" />
225-->[androidx.profileinstaller:profileinstaller:1.3.1] AndroidManifest.xml:41:17-91
225-->[androidx.profileinstaller:profileinstaller:1.3.1] AndroidManifest.xml:41:25-88
226            </intent-filter>
227            <intent-filter>
227-->[androidx.profileinstaller:profileinstaller:1.3.1] AndroidManifest.xml:43:13-45:29
228                <action android:name="androidx.profileinstaller.action.SKIP_FILE" />
228-->[androidx.profileinstaller:profileinstaller:1.3.1] AndroidManifest.xml:44:17-85
228-->[androidx.profileinstaller:profileinstaller:1.3.1] AndroidManifest.xml:44:25-82
229            </intent-filter>
230            <intent-filter>
230-->[androidx.profileinstaller:profileinstaller:1.3.1] AndroidManifest.xml:46:13-48:29
231                <action android:name="androidx.profileinstaller.action.SAVE_PROFILE" />
231-->[androidx.profileinstaller:profileinstaller:1.3.1] AndroidManifest.xml:47:17-88
231-->[androidx.profileinstaller:profileinstaller:1.3.1] AndroidManifest.xml:47:25-85
232            </intent-filter>
233            <intent-filter>
233-->[androidx.profileinstaller:profileinstaller:1.3.1] AndroidManifest.xml:49:13-51:29
234                <action android:name="androidx.profileinstaller.action.BENCHMARK_OPERATION" />
234-->[androidx.profileinstaller:profileinstaller:1.3.1] AndroidManifest.xml:50:17-95
234-->[androidx.profileinstaller:profileinstaller:1.3.1] AndroidManifest.xml:50:25-92
235            </intent-filter>
236        </receiver>
237    </application>
238
239</manifest>